<?xml version="1.0" encoding="UTF-8"?>
<testng-results ignored="0" total="1" passed="1" failed="0" skipped="0">
  <reporter-output>
  </reporter-output>
  <suite started-at="2024-09-05T10:53:07 IST" name="Surefire suite" finished-at="2024-09-05T10:53:07 IST" duration-ms="99">
    <groups>
    </groups>
    <test started-at="2024-09-05T10:53:07 IST" name="Surefire test" finished-at="2024-09-05T10:53:07 IST" duration-ms="99">
      <class name="Tests.GoogleTest">
        <test-method signature="googleTest()[pri:0, instance:Tests.GoogleTest@505fc5a4]" started-at="2024-09-05T10:53:07 IST" name="googleTest" finished-at="2024-09-05T10:53:07 IST" duration-ms="25" status="PASS">
          <reporter-output>
          </reporter-output>
        </test-method> <!-- googleTest -->
      </class> <!-- Tests.GoogleTest -->
    </test> <!-- Surefire test -->
  </suite> <!-- Surefire suite -->
</testng-results>
